./app/models/orchids_name.rb
./app/models/orchid.rb
./app/models/search/on_orchids
./app/models/search/on_orchids/base.rb
./app/models/search/on_orchids/list_query.rb
./app/models/search/on_orchids/where_clauses.rb
./app/models/search/on_orchids/predicate.rb
./app/models/search/on_orchids/field_abbrev.rb
./app/models/search/on_orchids/count_query.rb
./app/models/search/on_orchids/field_rule.rb
./app/models/orchid
Common subdirectories: ../ned/app/models/orchid/as_typeahead and ./app/models/orchid/as_typeahead
./app/models/orchid/as_typeahead
./app/models/orchid/as_typeahead/for_parent.rb
./app/models/orchid/as_name_matcher.rb
./app/models/orchid/as_tree_placer.rb
./app/models/orchid/as_instance_creator.rb
./app/javascript/packs/typeaheads/for_orchids
./app/javascript/packs/typeaheads/for_orchids/parent.js
./app/controllers/orchids_controller.rb
./app/controllers/orchids_names_controller.rb
./app/controllers/orchids_batch_controller.rb
./app/views/orchids_names
./app/views/orchids_names/update_error.js.erb
./app/views/orchids_names/update.js.erb
./app/views/orchids_names/create.js.erb
./app/views/orchids
Common subdirectories: ../ned/app/views/orchids/advanced_search and ./app/views/orchids/advanced_search
Common subdirectories: ../ned/app/views/orchids/form and ./app/views/orchids/form
Common subdirectories: ../ned/app/views/orchids/stats and ./app/views/orchids/stats
./app/views/orchids/_tab_show_standard_preferred_match_info.html.erb
./app/views/orchids/_delete_widgets.html.erb
./app/views/orchids/form
./app/views/orchids/form/_parent.html.erb
./app/views/orchids/stats.js.erb
./app/views/orchids/_form_for_synonym.html.erb
./app/views/orchids/_tab_delete.html.erb
./app/views/orchids/_new_row.html.erb
./app/views/orchids/_synonym_type.html.erb
./app/views/orchids/new_row.js.erb
./app/views/orchids/update_error.js.erb
./app/views/orchids/new.js.erb
./app/views/orchids/destroy.js.erb
./app/views/orchids/update_no_change.js.erb
./app/views/orchids/create_error.js.erb
./app/views/orchids/_tabs.html.erb
./app/views/orchids/_tab_create_misapp.html.erb
./app/views/orchids/_form_for_accepted.html.erb
./app/views/orchids/_new.html.erb
./app/views/orchids/_tab_show_1_name_matches_standard.html.erb
./app/views/orchids/update.js.erb
./app/views/orchids/_tab_show_1_more_info.html.erb
./app/views/orchids/_tab_show_1_name_matches_misapplied.html.erb
./app/views/orchids/_form_for_hybrid_cross.html.erb
./app/views/orchids/_tab.html.erb
./app/views/orchids/create.js.erb
./app/views/orchids/_tab_chosen.html.erb
./app/views/orchids/destroy_error.js.erb
./app/views/orchids/show.html.erb
./app/views/orchids/_tab_show_1.html.erb
./app/views/orchids/_tab_create_syn.html.erb
./app/views/orchids/_ex_base_author.html.erb
./app/views/orchids/_form_for_misapp.html.erb
./app/views/orchids/_tab_show_1_name_matches.html.erb
./app/views/orchids/_authors.html.erb
./app/views/orchids/_tab_show_1_core_info.html.erb
./app/views/orchids/_name_status.html.erb
./app/views/orchids/stats
./app/views/orchids/stats/_nsl_rank_really_excluded_stats.html.erb
./app/views/orchids/stats/_nsl_rank_accepted_stats.html.erb
./app/views/orchids/stats/_ranks_by_record_type.html.erb
./app/views/orchids/stats/_high_level_stats.html.erb
./app/views/orchids/stats/_nsl_rank_synonym_stats.html.erb
./app/views/orchids/stats/_rank_stats.html.erb
./app/views/orchids/stats/_nsl_rank_stats.html.erb
./app/views/orchids/stats/_nsl_rank_misapps_stats.html.erb
./app/views/orchids/stats/_name_status.html.erb
./app/views/orchids/stats/_nsl_rank_really_accepted_stats.html.erb
./app/views/orchids/stats/_nsl_rank_hybrid_cross_stats.html.erb
./app/views/orchids/advanced_search
./app/views/orchids/advanced_search/_field_help.html.erb
./app/views/orchids/advanced_search/_examples.html.erb
./app/views/orchids/advanced_search/_help.html.erb
./app/views/orchids/_tab_edit.html.erb
./app/views/orchids/_tab_batch.html.erb
./app/views/orchids_batch
./app/views/orchids_batch/error.js.erb
./app/views/orchids_batch/create.js.erb
./app/views/application/_orchid_name_link_text.html.erb
./app/views/application/_orchid_record.html.erb
